<?xml version="1.0" encoding="UTF-8"?>
<testng-results ignored="0" total="1" passed="1" failed="0" skipped="0">
  <reporter-output>
  </reporter-output>
  <suite started-at="2023-10-27T11:00:14 IST" name="Default suite" finished-at="2023-10-27T11:00:20 IST" duration-ms="5951">
    <groups>
    </groups>
    <test started-at="2023-10-27T11:00:14 IST" name="Default test" finished-at="2023-10-27T11:00:20 IST" duration-ms="5951">
      <class name="Scripts.Testcase2">
        <test-method is-config="true" signature="openApp()[pri:0, instance:Scripts.Testcase2@7c7b252e]" started-at="2023-10-27T11:00:14 IST" name="openApp" finished-at="2023-10-27T11:00:17 IST" duration-ms="3144" status="PASS">
          <reporter-output>
          </reporter-output>
        </test-method> <!-- openApp -->
        <test-method signature="tc2()[pri:0, instance:Scripts.Testcase2@7c7b252e]" started-at="2023-10-27T11:00:17 IST" name="tc2" finished-at="2023-10-27T11:00:19 IST" duration-ms="2302" status="PASS">
          <reporter-output>
          </reporter-output>
        </test-method> <!-- tc2 -->
        <test-method is-config="true" signature="closeApp(org.testng.ITestResult)[pri:0, instance:Scripts.Testcase2@7c7b252e]" started-at="2023-10-27T11:00:19 IST" name="closeApp" finished-at="2023-10-27T11:00:20 IST" duration-ms="446" status="PASS">
          <params>
            <param index="0">
              <value>
                <![CDATA[[TestResult name=tc2 status=SUCCESS method=Testcase2.tc2()[pri:0, instance:Scripts.Testcase2@7c7b252e] output={null}]]]>
              </value>
            </param>
          </params>
          <reporter-output>
          </reporter-output>
        </test-method> <!-- closeApp -->
      </class> <!-- Scripts.Testcase2 -->
    </test> <!-- Default test -->
  </suite> <!-- Default suite -->
</testng-results>
